Build started 24-11-2020 22:09:30.
     1>Project "C:\Users\Pankaj Panwar\Desktop\204101040_Assignment 4\204101040_LBG\204101040_LBG\204101040_LBG.vcxproj" on node 2 (build target(s)).
     1>InitializeBuildStatus:
         Creating "Debug\204101040_LBG.unsuccessfulbuild" because "AlwaysCreate" was specified.
       ClCompile:
         C:\Program Files (x86)\Microsoft Visual Studio 10.0\VC\bin\CL.exe /c /ZI /nologo /W3 /WX- /Od /Oy- /D _MBCS /Gm /EHsc /RTC1 /MDd /GS /fp:precise /Zc:wchar_t /Zc:forScope /Fo"Debug\\" /Fd"Debug\vc100.pdb" /Gd /TP /analyze- /errorReport:prompt main.cpp
         main.cpp
     1>c:\users\pankaj panwar\desktop\204101040_assignment 4\204101040_lbg\204101040_lbg\main.cpp(54): warning C4018: '<' : signed/unsigned mismatch
     1>c:\users\pankaj panwar\desktop\204101040_assignment 4\204101040_lbg\204101040_lbg\main.cpp(69): warning C4018: '<' : signed/unsigned mismatch
     1>c:\users\pankaj panwar\desktop\204101040_assignment 4\204101040_lbg\204101040_lbg\main.cpp(82): warning C4018: '<' : signed/unsigned mismatch
     1>c:\users\pankaj panwar\desktop\204101040_assignment 4\204101040_lbg\204101040_lbg\main.cpp(114): warning C4018: '<' : signed/unsigned mismatch
     1>c:\users\pankaj panwar\desktop\204101040_assignment 4\204101040_lbg\204101040_lbg\main.cpp(122): warning C4018: '<' : signed/unsigned mismatch
     1>c:\users\pankaj panwar\desktop\204101040_assignment 4\204101040_lbg\204101040_lbg\main.cpp(126): warning C4018: '<' : signed/unsigned mismatch
     1>c:\users\pankaj panwar\desktop\204101040_assignment 4\204101040_lbg\204101040_lbg\main.cpp(143): warning C4018: '<' : signed/unsigned mismatch
     1>c:\users\pankaj panwar\desktop\204101040_assignment 4\204101040_lbg\204101040_lbg\main.cpp(148): warning C4018: '<' : signed/unsigned mismatch
     1>c:\users\pankaj panwar\desktop\204101040_assignment 4\204101040_lbg\204101040_lbg\main.cpp(152): warning C4018: '<' : signed/unsigned mismatch
     1>c:\users\pankaj panwar\desktop\204101040_assignment 4\204101040_lbg\204101040_lbg\main.cpp(163): warning C4018: '<' : signed/unsigned mismatch
       Link:
         C:\Program Files (x86)\Microsoft Visual Studio 10.0\VC\bin\link.exe /ERRORREPORT:PROMPT /OUT:"C:\Users\Pankaj Panwar\Desktop\204101040_Assignment 4\204101040_LBG\Debug\204101040_LBG.exe" /NOLOGO kernel32.lib user32.lib gdi32.lib winspool.lib comdlg32.lib advapi32.lib shell32.lib ole32.lib oleaut32.lib uuid.lib odbc32.lib odbccp32.lib /MANIFEST /ManifestFile:"Debug\204101040_LBG.exe.intermediate.manifest" /MANIFESTUAC:"level='asInvoker' uiAccess='false'" /DEBUG /PDB:"C:\Users\Pankaj Panwar\Desktop\204101040_Assignment 4\204101040_LBG\Debug\204101040_LBG.pdb" /TLBID:1 /DYNAMICBASE /NXCOMPAT /IMPLIB:"C:\Users\Pankaj Panwar\Desktop\204101040_Assignment 4\204101040_LBG\Debug\204101040_LBG.lib" /MACHINE:X86 Debug\main.obj
         LINK : C:\Users\Pankaj Panwar\Desktop\204101040_Assignment 4\204101040_LBG\Debug\204101040_LBG.exe not found or not built by the last incremental link; performing full link
         204101040_LBG.vcxproj -> C:\Users\Pankaj Panwar\Desktop\204101040_Assignment 4\204101040_LBG\Debug\204101040_LBG.exe
       Manifest:
         C:\Program Files (x86)\Microsoft SDKs\Windows\v7.0A\bin\mt.exe /nologo /verbose /outputresource:"C:\Users\Pankaj Panwar\Desktop\204101040_Assignment 4\204101040_LBG\Debug\204101040_LBG.exe;#1" /manifest Debug\204101040_LBG.exe.intermediate.manifest
       FinalizeBuildStatus:
         Deleting file "Debug\204101040_LBG.unsuccessfulbuild".
         Touching "Debug\204101040_LBG.lastbuildstate".
     1>Done Building Project "C:\Users\Pankaj Panwar\Desktop\204101040_Assignment 4\204101040_LBG\204101040_LBG\204101040_LBG.vcxproj" (build target(s)).

Build succeeded.

Time Elapsed 00:00:03.27
