Build started 28-11-2020 07:59:35.
     1>Project "C:\Users\Pankaj Panwar\Desktop\204101040_Assignment 4\204101040_kmeans\204101040_kmeans\204101040_kmeans.vcxproj" on node 2 (build target(s)).
     1>InitializeBuildStatus:
         Creating "Debug\204101040_kmeans.unsuccessfulbuild" because "AlwaysCreate" was specified.
       ClCompile:
         C:\Program Files (x86)\Microsoft Visual Studio 10.0\VC\bin\CL.exe /c /ZI /nologo /W3 /WX- /Od /Oy- /D _MBCS /Gm /EHsc /RTC1 /MDd /GS /fp:precise /Zc:wchar_t /Zc:forScope /Fo"Debug\\" /Fd"Debug\vc100.pdb" /Gd /TP /analyze- /errorReport:prompt main.cpp
         main.cpp
     1>c:\users\pankaj panwar\desktop\204101040_assignment 4\204101040_kmeans\204101040_kmeans\main.cpp(95): warning C4018: '<' : signed/unsigned mismatch
     1>c:\users\pankaj panwar\desktop\204101040_assignment 4\204101040_kmeans\204101040_kmeans\main.cpp(116): warning C4018: '<' : signed/unsigned mismatch
     1>c:\users\pankaj panwar\desktop\204101040_assignment 4\204101040_kmeans\204101040_kmeans\main.cpp(136): warning C4244: 'argument' : conversion from 'time_t' to 'unsigned int', possible loss of data
       Link:
         C:\Program Files (x86)\Microsoft Visual Studio 10.0\VC\bin\link.exe /ERRORREPORT:PROMPT /OUT:"C:\Users\Pankaj Panwar\Desktop\204101040_Assignment 4\204101040_kmeans\Debug\204101040_kmeans.exe" /NOLOGO kernel32.lib user32.lib gdi32.lib winspool.lib comdlg32.lib advapi32.lib shell32.lib ole32.lib oleaut32.lib uuid.lib odbc32.lib odbccp32.lib /MANIFEST /ManifestFile:"Debug\204101040_kmeans.exe.intermediate.manifest" /MANIFESTUAC:"level='asInvoker' uiAccess='false'" /DEBUG /PDB:"C:\Users\Pankaj Panwar\Desktop\204101040_Assignment 4\204101040_kmeans\Debug\204101040_kmeans.pdb" /TLBID:1 /DYNAMICBASE /NXCOMPAT /IMPLIB:"C:\Users\Pankaj Panwar\Desktop\204101040_Assignment 4\204101040_kmeans\Debug\204101040_kmeans.lib" /MACHINE:X86 Debug\main.obj
         LINK : C:\Users\Pankaj Panwar\Desktop\204101040_Assignment 4\204101040_kmeans\Debug\204101040_kmeans.exe not found or not built by the last incremental link; performing full link
         204101040_kmeans.vcxproj -> C:\Users\Pankaj Panwar\Desktop\204101040_Assignment 4\204101040_kmeans\Debug\204101040_kmeans.exe
       Manifest:
         C:\Program Files (x86)\Microsoft SDKs\Windows\v7.0A\bin\mt.exe /nologo /verbose /outputresource:"C:\Users\Pankaj Panwar\Desktop\204101040_Assignment 4\204101040_kmeans\Debug\204101040_kmeans.exe;#1" /manifest Debug\204101040_kmeans.exe.intermediate.manifest
       FinalizeBuildStatus:
         Deleting file "Debug\204101040_kmeans.unsuccessfulbuild".
         Touching "Debug\204101040_kmeans.lastbuildstate".
     1>Done Building Project "C:\Users\Pankaj Panwar\Desktop\204101040_Assignment 4\204101040_kmeans\204101040_kmeans\204101040_kmeans.vcxproj" (build target(s)).

Build succeeded.

Time Elapsed 00:00:03.09
